<?xml version="1.0" encoding="UTF-8"?>
<!-- Generated by org.testng.reporters.JUnitReportReporter -->
<testsuite hostname="DESKTOP-28VPC6Q" failures="0" tests="2" name="CreateContactTest" time="0.010" errors="0" timestamp="2022-01-26T16:38:17 IST" skipped="0">
  <testcase classname="CreateContactTest" name="CreateContactsTest" time="0.007"/>
  <system-out/>
  <testcase classname="CreateContactTest" name="CreateOrganizationTest" time="0.003"/>
  <system-out/>
</testsuite> <!-- CreateContactTest -->
