<?xml version="1.0" encoding="UTF-8"?>
<!-- Generated by org.testng.reporters.JUnitReportReporter -->
<testsuite hostname="DESKTOP-28VPC6Q" failures="0" tests="2" name="com.crm.comcast.vtiger.CreateOrg.CreateOrganizationTest" time="0.021" errors="0" timestamp="2022-01-26T16:38:17 IST" skipped="0">
  <testcase classname="com.crm.comcast.vtiger.CreateOrg.CreateOrganizationTest" name="CreateOrgTest" time="0.017"/>
  <system-out/>
  <testcase classname="com.crm.comcast.vtiger.CreateOrg.CreateOrganizationTest" name="ModifyTestTest" time="0.004"/>
  <system-out/>
</testsuite> <!-- com.crm.comcast.vtiger.CreateOrg.CreateOrganizationTest -->
